<?xml version="1.0" encoding="UTF-8"?>
<!-- Generated by org.testng.reporters.JUnitReportReporter -->
<testsuite hostname="DHRUVIKA" failures="0" tests="12" name="com.emp.in.test.EmployeeHrTest" time="122.255" errors="0" timestamp="2025-05-12T12:17:03 IST" skipped="0">
  <testcase classname="com.emp.in.test.EmployeeHrTest" name="loginTest" time="21.354"/>
  <system-out/>
  <testcase classname="com.emp.in.test.EmployeeHrTest" name="dashboardTest" time="4.899"/>
  <system-out/>
  <testcase classname="com.emp.in.test.EmployeeHrTest" name="updateDashboardTest" time="7.563"/>
  <system-out/>
  <testcase classname="com.emp.in.test.EmployeeHrTest" name="deleteDashboardTest" time="7.211"/>
  <system-out/>
  <testcase classname="com.emp.in.test.EmployeeHrTest" name="departmentTest" time="5.996"/>
  <system-out/>
  <testcase classname="com.emp.in.test.EmployeeHrTest" name="payrollTest" time="5.155"/>
  <system-out/>
  <testcase classname="com.emp.in.test.EmployeeHrTest" name="massengerTest" time="7.830"/>
  <system-out/>
  <testcase classname="com.emp.in.test.EmployeeHrTest" name="holidayTest" time="10.829"/>
  <system-out/>
  <testcase classname="com.emp.in.test.EmployeeHrTest" name="settingTest" time="5.249"/>
  <system-out/>
  <testcase classname="com.emp.in.test.EmployeeHrTest" name="leaveTest1" time="7.487"/>
  <system-out/>
  <testcase classname="com.emp.in.test.EmployeeHrTest" name="leaveTest2" time="15.862"/>
  <system-out/>
  <testcase classname="com.emp.in.test.EmployeeHrTest" name="leaveTest3" time="22.820"/>
  <system-out/>
</testsuite> <!-- com.emp.in.test.EmployeeHrTest -->
