<?xml version="1.0" encoding="UTF-8"?>
<!-- Generated by org.testng.reporters.JUnitReportReporter -->
<testsuite hostname="DHRUVIKA" failures="0" tests="12" name="com.emp.in.test.EmployeeHrTest" time="120.848" errors="0" timestamp="2025-05-10T15:58:41 IST" skipped="0">
  <testcase classname="com.emp.in.test.EmployeeHrTest" name="loginTest" time="21.144"/>
  <system-out/>
  <testcase classname="com.emp.in.test.EmployeeHrTest" name="dashboardTest" time="4.726"/>
  <system-out/>
  <testcase classname="com.emp.in.test.EmployeeHrTest" name="updateDashboardTest" time="7.518"/>
  <system-out/>
  <testcase classname="com.emp.in.test.EmployeeHrTest" name="deleteDashboardTest" time="7.156"/>
  <system-out/>
  <testcase classname="com.emp.in.test.EmployeeHrTest" name="departmentTest" time="5.761"/>
  <system-out/>
  <testcase classname="com.emp.in.test.EmployeeHrTest" name="payrollTest" time="5.155"/>
  <system-out/>
  <testcase classname="com.emp.in.test.EmployeeHrTest" name="massengerTest" time="7.597"/>
  <system-out/>
  <testcase classname="com.emp.in.test.EmployeeHrTest" name="holidayTest" time="10.555"/>
  <system-out/>
  <testcase classname="com.emp.in.test.EmployeeHrTest" name="settingTest" time="5.200"/>
  <system-out/>
  <testcase classname="com.emp.in.test.EmployeeHrTest" name="leaveTest1" time="7.504"/>
  <system-out/>
  <testcase classname="com.emp.in.test.EmployeeHrTest" name="leaveTest2" time="16.033"/>
  <system-out/>
  <testcase classname="com.emp.in.test.EmployeeHrTest" name="leaveTest3" time="22.499"/>
  <system-out/>
</testsuite> <!-- com.emp.in.test.EmployeeHrTest -->
