<?xml version="1.0" encoding="UTF-8"?>
<!-- Generated by org.testng.reporters.JUnitReportReporter -->
<testsuite hostname="DHRUVIKA" failures="0" tests="12" name="com.emp.in.test.EmployeeHrTest" time="120.843" errors="0" timestamp="2025-05-28T05:44:07 IST" skipped="0">
  <testcase classname="com.emp.in.test.EmployeeHrTest" name="loginTest" time="20.989"/>
  <system-out/>
  <testcase classname="com.emp.in.test.EmployeeHrTest" name="dashboardTest" time="4.846"/>
  <system-out/>
  <testcase classname="com.emp.in.test.EmployeeHrTest" name="updateDashboardTest" time="7.511"/>
  <system-out/>
  <testcase classname="com.emp.in.test.EmployeeHrTest" name="deleteDashboardTest" time="7.142"/>
  <system-out/>
  <testcase classname="com.emp.in.test.EmployeeHrTest" name="departmentTest" time="5.760"/>
  <system-out/>
  <testcase classname="com.emp.in.test.EmployeeHrTest" name="payrollTest" time="5.186"/>
  <system-out/>
  <testcase classname="com.emp.in.test.EmployeeHrTest" name="massengerTest" time="7.642"/>
  <system-out/>
  <testcase classname="com.emp.in.test.EmployeeHrTest" name="holidayTest" time="10.612"/>
  <system-out/>
  <testcase classname="com.emp.in.test.EmployeeHrTest" name="settingTest" time="5.184"/>
  <system-out/>
  <testcase classname="com.emp.in.test.EmployeeHrTest" name="leaveTest1" time="7.444"/>
  <system-out/>
  <testcase classname="com.emp.in.test.EmployeeHrTest" name="leaveTest2" time="16.014"/>
  <system-out/>
  <testcase classname="com.emp.in.test.EmployeeHrTest" name="leaveTest3" time="22.513"/>
  <system-out/>
</testsuite> <!-- com.emp.in.test.EmployeeHrTest -->
