<?xml version="1.0" encoding="UTF-8"?>
<!-- Generated by org.testng.reporters.JUnitReportReporter -->
<testsuite hostname="DHRUVIKA" failures="0" tests="10" name="com.admin.in.test.AdminHrTest" time="74.899" errors="0" timestamp="2025-05-11T14:52:20 IST" skipped="0">
  <testcase classname="com.admin.in.test.AdminHrTest" name="loginTest" time="21.093"/>
  <system-out/>
  <testcase classname="com.admin.in.test.AdminHrTest" name="dashboardTest" time="4.533"/>
  <system-out/>
  <testcase classname="com.admin.in.test.AdminHrTest" name="deleteDashboardTest" time="2.112"/>
  <system-out/>
  <testcase classname="com.admin.in.test.AdminHrTest" name="addEmployeeTest" time="13.856"/>
  <system-out/>
  <testcase classname="com.admin.in.test.AdminHrTest" name="searchEmployeeTest" time="2.428"/>
  <system-out/>
  <testcase classname="com.admin.in.test.AdminHrTest" name="payrollTest" time="5.189"/>
  <system-out/>
  <testcase classname="com.admin.in.test.AdminHrTest" name="massengerTest" time="5.182"/>
  <system-out/>
  <testcase classname="com.admin.in.test.AdminHrTest" name="taskTest" time="7.191"/>
  <system-out/>
  <testcase classname="com.admin.in.test.AdminHrTest" name="settingTest" time="6.163"/>
  <system-out/>
  <testcase classname="com.admin.in.test.AdminHrTest" name="leaveTest" time="7.152"/>
  <system-out/>
</testsuite> <!-- com.admin.in.test.AdminHrTest -->
